This is pdfTeX, Version 3.141592653-2.6-1.40.22 (TeX Live 2022/dev/Debian) (preloaded format=pdflatex 2024.5.27)  21 JUL 2024 12:59
entering extended mode
 restricted \write18 enabled.
 file:line:error style messages enabled.
 %&-line parsing enabled.
**/home/sora/pro/class/report2/eop2_report_09B23549
(/home/sora/pro/class/report2/eop2_report_09B23549.tex
LaTeX2e <2021-11-15> patch level 1
L3 programming layer <2022-01-21> (/usr/share/texlive/texmf-dist/tex/latex/bxjscls/bxjsarticle.cls
Document Class: bxjsarticle 2021/05/18 v2.5a BXJS document classes
(/usr/share/texlive/texmf-dist/tex/latex/tools/calc.sty
Package: calc 2017/05/25 v4.3 Infix arithmetic (KKT,FJ)
\calc@Acount=\count185
\calc@Bcount=\count186
\calc@Adimen=\dimen138
\calc@Bdimen=\dimen139
\calc@Askip=\skip47
\calc@Bskip=\skip48
LaTeX Info: Redefining \setlength on input line 80.
LaTeX Info: Redefining \addtolength on input line 81.
\calc@Ccount=\count187
\calc@Cskip=\skip49
) (/usr/share/texlive/texmf-dist/tex/latex/graphics/keyval.sty
Package: keyval 2014/10/28 v1.15 key=value parser (DPC)
\KV@toks@=\toks16
) (/usr/share/texlive/texmf-dist/tex/latex/bxjscls/bxjscompat.sty
Package: bxjscompat 2021/05/18 v2.5a BXJS document classes
) (/usr/share/texlive/texmf-dist/tex/generic/iftex/ifpdf.sty
Package: ifpdf 2019/10/25 v3.4 ifpdf legacy package. Use iftex instead.
 (/usr/share/texlive/texmf-dist/tex/generic/iftex/iftex.sty
Package: iftex 2020/03/06 v1.0d TeX engine tests
))
\stockwidth=\dimen140
\stockheight=\dimen141
\jsc@mpt=\dimen142
\jsc@mmm=\dimen143
\jsZw=\dimen144
\jsc@smallskipamount=\skip50
\Cht=\dimen145
\Cdp=\dimen146
\Cwd=\dimen147
\Cvs=\dimen148
\Chs=\dimen149
\fullwidth=\dimen150
 (/usr/share/texlive/texmf-dist/tex/latex/geometry/geometry.sty
Package: geometry 2020/01/02 v5.9 Page Geometry
 (/usr/share/texlive/texmf-dist/tex/generic/iftex/ifvtex.sty
Package: ifvtex 2019/10/25 v1.7 ifvtex legacy package. Use iftex instead.
)
\Gm@cnth=\count188
\Gm@cntv=\count189
\c@Gm@tempcnt=\count190
\Gm@bindingoffset=\dimen151
\Gm@wd@mp=\dimen152
\Gm@odd@mp=\dimen153
\Gm@even@mp=\dimen154
\Gm@layoutwidth=\dimen155
\Gm@layoutheight=\dimen156
\Gm@layouthoffset=\dimen157
\Gm@layoutvoffset=\dimen158
\Gm@dimlist=\toks17
)
\c@part=\count191
\c@section=\count192
\c@subsection=\count193
\c@subsubsection=\count194
\c@paragraph=\count195
\c@subparagraph=\count196
\@abstractbox=\box50
\c@figure=\count197
\c@table=\count198
\abovecaptionskip=\skip51
\belowcaptionskip=\skip52
\jsc@tocl@width=\dimen159
\@lnumwidth=\dimen160
\bibindent=\dimen161
 (/usr/share/texlive/texmf-dist/tex/latex/bxwareki/bxwareki.sty
Package: bxwareki 2019/06/01 v0.6
\c@warekiyear=\count199
 (/usr/share/texlive/texmf-dist/tex/latex/bxwareki/bxwareki-cd.def
File: bxwareki-cd.def 2019/06/01 v0.6
)) (/usr/share/texlive/texmf-dist/tex/latex/bxjscls/bxjsja-standard.def
File: bxjsja-standard.def 2021/05/18 v2.5a BXJS document classes
 (/usr/share/texlive/texmf-dist/tex/latex/bxjscls/bxjsja-minimal.def
File: bxjsja-minimal.def 2021/05/18 v2.5a BXJS document classes
\everypar=\toks18
) (/usr/share/texlive/texmf-dist/tex/latex/bxcjkjatype/bxcjkjatype.sty
Package: bxcjkjatype 2016/10/15 v0.3
Package bxcjkjatype Info: Driver auto-detected: pdftex on input line 144.
 (/usr/share/texmf/tex/latex/CJK/CJK.sty
Package: CJK 2015/04/18 4.8.4
 (/usr/share/texmf/tex/latex/CJK/mule/MULEenc.sty
Package: MULEenc 2015/04/18 4.8.4
) (/usr/share/texmf/tex/latex/CJK/CJK.enc
File: CJK.enc 2015/04/18 4.8.4
Now handling font encoding C00 ...
... no UTF-8 mapping file for font encoding C00
Now handling font encoding C05 ...
... no UTF-8 mapping file for font encoding C05
Now handling font encoding C09 ...
... no UTF-8 mapping file for font encoding C09
Now handling font encoding C10 ...
... no UTF-8 mapping file for font encoding C10
Now handling font encoding C20 ...
... no UTF-8 mapping file for font encoding C20
Now handling font encoding C19 ...
... no UTF-8 mapping file for font encoding C19
Now handling font encoding C40 ...
... no UTF-8 mapping file for font encoding C40
Now handling font encoding C42 ...
... no UTF-8 mapping file for font encoding C42
Now handling font encoding C43 ...
... no UTF-8 mapping file for font encoding C43
Now handling font encoding C50 ...
... no UTF-8 mapping file for font encoding C50
Now handling font encoding C52 ...
... no UTF-8 mapping file for font encoding C52
Now handling font encoding C49 ...
... no UTF-8 mapping file for font encoding C49
Now handling font encoding C60 ...
... no UTF-8 mapping file for font encoding C60
Now handling font encoding C61 ...
... no UTF-8 mapping file for font encoding C61
Now handling font encoding C63 ...
... no UTF-8 mapping file for font encoding C63
Now handling font encoding C64 ...
... no UTF-8 mapping file for font encoding C64
Now handling font encoding C65 ...
... no UTF-8 mapping file for font encoding C65
Now handling font encoding C70 ...
... no UTF-8 mapping file for font encoding C70
Now handling font encoding C31 ...
... no UTF-8 mapping file for font encoding C31
Now handling font encoding C32 ...
... no UTF-8 mapping file for font encoding C32
Now handling font encoding C33 ...
... no UTF-8 mapping file for font encoding C33
Now handling font encoding C34 ...
... no UTF-8 mapping file for font encoding C34
Now handling font encoding C35 ...
... no UTF-8 mapping file for font encoding C35
Now handling font encoding C36 ...
... no UTF-8 mapping file for font encoding C36
Now handling font encoding C37 ...
... no UTF-8 mapping file for font encoding C37
Now handling font encoding C80 ...
... no UTF-8 mapping file for font encoding C80
Now handling font encoding C81 ...
... no UTF-8 mapping file for font encoding C81
Now handling font encoding C01 ...
... no UTF-8 mapping file for font encoding C01
Now handling font encoding C11 ...
... no UTF-8 mapping file for font encoding C11
Now handling font encoding C21 ...
... no UTF-8 mapping file for font encoding C21
Now handling font encoding C41 ...
... no UTF-8 mapping file for font encoding C41
Now handling font encoding C62 ...
... no UTF-8 mapping file for font encoding C62
)
LaTeX Info: Redefining \selectfont on input line 755.
\CJK@indent=\box51
) (/usr/share/texmf/tex/latex/CJK/CJKutf8.sty
Package: CJKutf8 2015/04/18 4.8.4
 (/usr/share/texlive/texmf-dist/tex/latex/base/inputenc.sty
Package: inputenc 2021/02/14 v1.3d Input encoding file
\inpenc@prehook=\toks19
\inpenc@posthook=\toks20
) (/usr/share/texlive/texmf-dist/tex/latex/base/fontenc.sty
Package: fontenc 2021/04/29 v2.0v Standard LaTeX package
)) (/usr/share/texmf/tex/latex/CJK/CJKspace.sty
Package: CJKspace 2015/04/18 3.8.0
) (/usr/share/texlive/texmf-dist/tex/latex/cjkpunct/CJKpunct.sty
Package: CJKpunct 2016/05/14 4.8.4
\CJKpunct@cnta=\count266
\CJKpunct@cntb=\count267
\CJKpunct@cntc=\count268
\CJKpunct@cntd=\count269
\CJKpunct@cnte=\count270
   defining Unicode char U+2018 (decimal 8216)
   defining Unicode char U+2019 (decimal 8217)
   defining Unicode char U+201C (decimal 8220)
   defining Unicode char U+201D (decimal 8221)
   defining Unicode char U+2014 (decimal 8212)
   defining Unicode char U+2026 (decimal 8230)
 (/usr/share/texlive/texmf-dist/tex/latex/cjkpunct/CJKpunct.spa)) (/usr/share/texlive/texmf-dist/tex/latex/etoolbox/etoolbox.sty
Package: etoolbox 2020/10/05 v2.5k e-TeX tools for LaTeX (JAW)
\etb@tempcnta=\count271
) (/usr/share/texmf/tex/latex/CJK/UTF8/UTF8.bdg
File: UTF8.bdg 2015/04/18 4.8.4
))
\jsKanjiSkip=\skip53
\jsXKanjiSkip=\skip54
)) (/usr/share/texlive/texmf-dist/tex/latex/graphics/graphicx.sty
Package: graphicx 2021/09/16 v1.2d Enhanced LaTeX Graphics (DPC,SPQR)
 (/usr/share/texlive/texmf-dist/tex/latex/graphics/graphics.sty
Package: graphics 2021/03/04 v1.4d Standard LaTeX Graphics (DPC,SPQR)
 (/usr/share/texlive/texmf-dist/tex/latex/graphics/trig.sty
Package: trig 2021/08/11 v1.11 sin cos tan (DPC)
) (/usr/share/texlive/texmf-dist/tex/latex/graphics-cfg/graphics.cfg
File: graphics.cfg 2016/06/04 v1.11 sample graphics configuration
)
Package graphics Info: Driver file: pdftex.def on input line 107.
 (/usr/share/texlive/texmf-dist/tex/latex/graphics-def/pdftex.def
File: pdftex.def 2020/10/05 v1.2a Graphics/color driver for pdftex
))
\Gin@req@height=\dimen162
\Gin@req@width=\dimen163
) (/usr/share/texlive/texmf-dist/tex/latex/fancyvrb/fancyvrb.sty
Package: fancyvrb 2021/12/21 4.1b verbatim text (tvz,hv)
\FV@CodeLineNo=\count272
\FV@InFile=\read2
\FV@TabBox=\box52
\c@FancyVerbLine=\count273
\FV@StepNumber=\count274
\FV@OutFile=\write3
) (/usr/share/texlive/texmf-dist/tex/latex/l3backend/l3backend-pdftex.def
File: l3backend-pdftex.def 2022-01-12 L3 backend support: PDF output (pdfTeX)
\l__color_backend_stack_int=\count275
\l__pdf_internal_box=\box53
) (./eop2_report_09B23549.aux)
\openout1 = `eop2_report_09B23549.aux'.

LaTeX Font Info:    Checking defaults for OML/cmm/m/it on input line 38.
LaTeX Font Info:    ... okay on input line 38.
LaTeX Font Info:    Checking defaults for OMS/cmsy/m/n on input line 38.
LaTeX Font Info:    ... okay on input line 38.
LaTeX Font Info:    Checking defaults for OT1/cmr/m/n on input line 38.
LaTeX Font Info:    ... okay on input line 38.
LaTeX Font Info:    Checking defaults for T1/cmr/m/n on input line 38.
LaTeX Font Info:    ... okay on input line 38.
LaTeX Font Info:    Checking defaults for TS1/cmr/m/n on input line 38.
LaTeX Font Info:    ... okay on input line 38.
LaTeX Font Info:    Checking defaults for OMX/cmex/m/n on input line 38.
LaTeX Font Info:    ... okay on input line 38.
LaTeX Font Info:    Checking defaults for U/cmr/m/n on input line 38.
LaTeX Font Info:    ... okay on input line 38.
LaTeX Font Info:    Checking defaults for C00/song/m/n on input line 38.
LaTeX Font Info:    ... okay on input line 38.
LaTeX Font Info:    Checking defaults for C05/song/m/n on input line 38.
LaTeX Font Info:    ... okay on input line 38.
LaTeX Font Info:    Checking defaults for C09/song/m/n on input line 38.
LaTeX Font Info:    ... okay on input line 38.
LaTeX Font Info:    Checking defaults for C10/song/m/n on input line 38.
LaTeX Font Info:    ... okay on input line 38.
LaTeX Font Info:    Checking defaults for C20/song/m/n on input line 38.
LaTeX Font Info:    ... okay on input line 38.
LaTeX Font Info:    Checking defaults for C19/song/m/n on input line 38.
LaTeX Font Info:    ... okay on input line 38.
LaTeX Font Info:    Checking defaults for C40/song/m/n on input line 38.
LaTeX Font Info:    ... okay on input line 38.
LaTeX Font Info:    Checking defaults for C42/song/m/n on input line 38.
LaTeX Font Info:    ... okay on input line 38.
LaTeX Font Info:    Checking defaults for C43/song/m/n on input line 38.
LaTeX Font Info:    ... okay on input line 38.
LaTeX Font Info:    Checking defaults for C50/song/m/n on input line 38.
LaTeX Font Info:    ... okay on input line 38.
LaTeX Font Info:    Checking defaults for C52/song/m/n on input line 38.
LaTeX Font Info:    ... okay on input line 38.
LaTeX Font Info:    Checking defaults for C49/song/m/n on input line 38.
LaTeX Font Info:    ... okay on input line 38.
LaTeX Font Info:    Checking defaults for C60/mj/m/n on input line 38.
LaTeX Font Info:    ... okay on input line 38.
LaTeX Font Info:    Checking defaults for C61/mj/m/n on input line 38.
LaTeX Font Info:    ... okay on input line 38.
LaTeX Font Info:    Checking defaults for C63/mj/m/n on input line 38.
LaTeX Font Info:    ... okay on input line 38.
LaTeX Font Info:    Checking defaults for C64/mj/m/n on input line 38.
LaTeX Font Info:    ... okay on input line 38.
LaTeX Font Info:    Checking defaults for C65/mj/m/n on input line 38.
LaTeX Font Info:    ... okay on input line 38.
LaTeX Font Info:    Checking defaults for C70/song/m/n on input line 38.
LaTeX Font Info:    ... okay on input line 38.
LaTeX Font Info:    Checking defaults for C31/song/m/n on input line 38.
LaTeX Font Info:    ... okay on input line 38.
LaTeX Font Info:    Checking defaults for C32/song/m/n on input line 38.
LaTeX Font Info:    ... okay on input line 38.
LaTeX Font Info:    Checking defaults for C33/song/m/n on input line 38.
LaTeX Font Info:    ... okay on input line 38.
LaTeX Font Info:    Checking defaults for C34/song/m/n on input line 38.
LaTeX Font Info:    ... okay on input line 38.
LaTeX Font Info:    Checking defaults for C35/song/m/n on input line 38.
LaTeX Font Info:    ... okay on input line 38.
LaTeX Font Info:    Checking defaults for C36/song/m/n on input line 38.
LaTeX Font Info:    ... okay on input line 38.
LaTeX Font Info:    Checking defaults for C37/song/m/n on input line 38.
LaTeX Font Info:    ... okay on input line 38.
LaTeX Font Info:    Checking defaults for C80/song/m/n on input line 38.
LaTeX Font Info:    ... okay on input line 38.
LaTeX Font Info:    Checking defaults for C81/song/m/n on input line 38.
LaTeX Font Info:    ... okay on input line 38.
LaTeX Font Info:    Checking defaults for C01/song/m/n on input line 38.
LaTeX Font Info:    ... okay on input line 38.
LaTeX Font Info:    Checking defaults for C11/song/m/n on input line 38.
LaTeX Font Info:    ... okay on input line 38.
LaTeX Font Info:    Checking defaults for C21/song/m/n on input line 38.
LaTeX Font Info:    ... okay on input line 38.
LaTeX Font Info:    Checking defaults for C41/song/m/n on input line 38.
LaTeX Font Info:    ... okay on input line 38.
LaTeX Font Info:    Checking defaults for C62/song/m/n on input line 38.
LaTeX Font Info:    ... okay on input line 38.

*geometry* driver: auto-detecting
*geometry* detected driver: pdftex
*geometry* verbose mode - [ preamble ] result:
* driver: pdftex
* paper: custom
* layout: <same size as paper>
* layoutoffset:(h,v)=(0.0pt,0.0pt)
* modes: 
* h-part:(L,W,R)=(64.96059pt, 415.74806pt, 64.96059pt)
* v-part:(T,H,B)=(51.96848pt, 654.80318pt, 64.96059pt)
* \paperwidth=597.49146pt
* \paperheight=845.04272pt
* \textwidth=415.74806pt
* \textheight=654.80318pt
* \oddsidemargin=-7.3094pt
* \evensidemargin=-7.3094pt
* \topmargin=-20.30151pt
* \headheight=0.0pt
* \headsep=0.0pt
* \topskip=10.0pt
* \footskip=25.98424pt
* \marginparwidth=0.0pt
* \marginparsep=0.0pt
* \columnsep=18.49426pt
* \skip\footins=16.0pt plus 5.0pt minus 2.0pt
* \hoffset=6.27573pt
* \voffset=6.27573pt
* \mag=1095
* \@twocolumnfalse
* \@twosidefalse
* \@mparswitchfalse
* \@reversemarginfalse
* (1in=72.27pt=25.4mm, 1cm=28.453pt)

(/usr/share/texmf/tex/latex/CJK/UTF8/UTF8.enc
File: UTF8.enc 2015/04/18 4.8.4
) (/usr/share/texmf/tex/latex/CJK/UTF8/UTF8.chr
File: UTF8.chr 2015/04/18 4.8.4
) (/usr/share/texlive/texmf-dist/tex/context/base/mkii/supp-pdf.mkii
[Loading MPS to PDF converter (version 2006.09.02).]
\scratchcounter=\count276
\scratchdimen=\dimen164
\scratchbox=\box54
\nofMPsegments=\count277
\nofMParguments=\count278
\everyMPshowfont=\toks21
\MPscratchCnt=\count279
\MPscratchDim=\dimen165
\MPnumerator=\count280
\makeMPintoPDFobject=\count281
\everyMPtoPDFconversion=\toks22
) (/usr/share/texlive/texmf-dist/tex/latex/epstopdf-pkg/epstopdf-base.sty
Package: epstopdf-base 2020-01-24 v2.11 Base part for package epstopdf
Package epstopdf-base Info: Redefining graphics rule for `.eps' on input line 485.
 (/usr/share/texlive/texmf-dist/tex/latex/latexconfig/epstopdf-sys.cfg
File: epstopdf-sys.cfg 2010/07/13 v1.3 Configuration of (r)epstopdf for TeX Live
))
LaTeX Font Info:    Font shape `C70/mc/m/n' will be
(Font)              scaled to size 15.97903pt on input line 39.
LaTeX Font Info:    Font shape `C70/mc/m/n' will be
(Font)              scaled to size 15.97903pt on input line 39.
LaTeX Font Info:    Font shape `C70/mc/m/n' will be
(Font)              scaled to size 15.97903pt on input line 39.
LaTeX Font Info:    Font shape `C70/mc/m/n' will be
(Font)              scaled to size 15.97903pt on input line 39.
LaTeX Font Info:    Font shape `C70/mc/m/n' will be
(Font)              scaled to size 15.97903pt on input line 39.
Package CJKpunct Info: punctuation spaces for family 'mc' do not exist. Use family 'def' instead. on input line 39.
LaTeX Font Info:    Font shape `C70/mc/m/n' will be
(Font)              scaled to size 13.31586pt on input line 39.
LaTeX Font Info:    Font shape `C70/mc/m/n' will be
(Font)              scaled to size 13.31586pt on input line 39.
LaTeX Font Info:    Font shape `C70/mc/m/n' will be
(Font)              scaled to size 13.31586pt on input line 39.
LaTeX Font Info:    Font shape `C70/mc/m/n' will be
(Font)              scaled to size 13.31586pt on input line 39.
LaTeX Font Info:    External font `cmex10' loaded for size
(Font)              <12> on input line 39.
LaTeX Font Info:    External font `cmex10' loaded for size
(Font)              <8> on input line 39.
LaTeX Font Info:    External font `cmex10' loaded for size
(Font)              <6> on input line 39.
LaTeX Font Info:    Font shape `C70/mc/m/n' will be
(Font)              scaled to size 11.09656pt on input line 39.
LaTeX Font Info:    Font shape `C70/mc/m/n' will be
(Font)              scaled to size 11.09656pt on input line 39.
LaTeX Font Info:    Font shape `C70/mc/m/n' will be
(Font)              scaled to size 11.09656pt on input line 39.
LaTeX Font Info:    Font shape `C70/mc/m/n' will be
(Font)              scaled to size 11.09656pt on input line 39.
LaTeX Font Info:    Font shape `C70/mc/m/n' will be
(Font)              scaled to size 11.09656pt on input line 39.
LaTeX Font Info:    Font shape `C70/mc/m/n' will be
(Font)              scaled to size 11.09656pt on input line 39.
LaTeX Font Info:    Font shape `C70/mc/m/n' will be
(Font)              scaled to size 11.09656pt on input line 39.
LaTeX Font Info:    Font shape `C70/mc/m/n' will be
(Font)              scaled to size 11.09656pt on input line 39.
LaTeX Font Info:    Font shape `C70/mc/m/n' will be
(Font)              scaled to size 11.09656pt on input line 39.
LaTeX Font Info:    Font shape `C70/mc/m/n' will be
(Font)              scaled to size 11.09656pt on input line 39.
LaTeX Font Info:    Font shape `C70/mc/m/n' will be
(Font)              scaled to size 11.09656pt on input line 39.
LaTeX Font Info:    Font shape `C70/mc/m/n' will be
(Font)              scaled to size 11.09656pt on input line 39.
LaTeX Font Info:    Font shape `C70/mc/m/n' will be
(Font)              scaled to size 11.09656pt on input line 39.
LaTeX Font Info:    Font shape `C70/mc/m/n' will be
(Font)              scaled to size 11.09656pt on input line 39.
LaTeX Font Info:    Font shape `C70/mc/m/n' will be
(Font)              scaled to size 11.09656pt on input line 39.
LaTeX Font Info:    Font shape `C70/mc/m/n' will be
(Font)              scaled to size 11.09656pt on input line 39.
LaTeX Font Info:    Font shape `C70/mc/m/n' will be
(Font)              scaled to size 11.09656pt on input line 39.
LaTeX Font Info:    Font shape `C70/gt/m/n' will be
(Font)              scaled to size 13.31586pt on input line 47.
LaTeX Font Info:    Font shape `C70/gt/m/n' will be
(Font)              scaled to size 13.31586pt on input line 47.
LaTeX Font Info:    Font shape `C70/mc/m/n' will be
(Font)              scaled to size 9.24713pt on input line 48.
LaTeX Font Info:    Font shape `C70/mc/m/n' will be
(Font)              scaled to size 9.24713pt on input line 48.
LaTeX Font Info:    Font shape `C70/mc/m/n' will be
(Font)              scaled to size 9.24713pt on input line 48.
LaTeX Font Info:    Font shape `C70/mc/m/n' will be
(Font)              scaled to size 9.24713pt on input line 48.
LaTeX Font Info:    Font shape `C70/mc/m/n' will be
(Font)              scaled to size 9.24713pt on input line 48.
LaTeX Font Info:    Font shape `C70/mc/m/n' will be
(Font)              scaled to size 9.24713pt on input line 48.
LaTeX Font Info:    Font shape `C70/mc/m/n' will be
(Font)              scaled to size 9.24713pt on input line 48.
LaTeX Font Info:    Font shape `C70/mc/m/n' will be
(Font)              scaled to size 9.24713pt on input line 48.
LaTeX Font Info:    Font shape `C70/mc/m/n' will be
(Font)              scaled to size 9.24713pt on input line 48.
LaTeX Font Info:    Font shape `C70/mc/m/n' will be
(Font)              scaled to size 9.24713pt on input line 48.
LaTeX Font Info:    Font shape `C70/mc/m/n' will be
(Font)              scaled to size 9.24713pt on input line 48.
LaTeX Font Info:    Font shape `C70/mc/m/n' will be
(Font)              scaled to size 9.24713pt on input line 48.
LaTeX Font Info:    Font shape `C70/mc/m/n' will be
(Font)              scaled to size 9.24713pt on input line 48.
LaTeX Font Info:    Font shape `C70/mc/m/n' will be
(Font)              scaled to size 9.24713pt on input line 48.
LaTeX Font Info:    Font shape `C70/mc/m/n' will be
(Font)              scaled to size 9.24713pt on input line 49.
LaTeX Font Info:    Font shape `C70/mc/m/n' will be
(Font)              scaled to size 9.24713pt on input line 49.
LaTeX Font Info:    Font shape `C70/mc/m/n' will be
(Font)              scaled to size 9.24713pt on input line 49.
LaTeX Font Info:    Font shape `C70/mc/m/n' will be
(Font)              scaled to size 9.24713pt on input line 49.
LaTeX Font Info:    Font shape `C70/mc/m/n' will be
(Font)              scaled to size 9.24713pt on input line 49.
LaTeX Font Info:    Font shape `C70/mc/m/n' will be
(Font)              scaled to size 9.24713pt on input line 49.
LaTeX Font Info:    Font shape `C70/mc/m/n' will be
(Font)              scaled to size 9.24713pt on input line 49.
LaTeX Font Info:    Font shape `C70/mc/m/n' will be
(Font)              scaled to size 9.24713pt on input line 49.
LaTeX Font Info:    Font shape `C70/mc/m/n' will be
(Font)              scaled to size 9.24713pt on input line 49.
LaTeX Font Info:    Font shape `C70/mc/m/n' will be
(Font)              scaled to size 9.24713pt on input line 49.
LaTeX Font Info:    Font shape `C70/mc/m/n' will be
(Font)              scaled to size 9.24713pt on input line 49.
LaTeX Font Info:    Font shape `C70/mc/m/n' will be
(Font)              scaled to size 9.24713pt on input line 49.
LaTeX Font Info:    Font shape `C70/mc/m/n' will be
(Font)              scaled to size 9.24713pt on input line 49.
LaTeX Font Info:    Font shape `C70/mc/m/n' will be
(Font)              scaled to size 9.24713pt on input line 50.
LaTeX Font Info:    Font shape `C70/mc/m/n' will be
(Font)              scaled to size 9.24713pt on input line 50.
LaTeX Font Info:    Font shape `C70/mc/m/n' will be
(Font)              scaled to size 9.24713pt on input line 50.
LaTeX Font Info:    Font shape `C70/mc/m/n' will be
(Font)              scaled to size 9.24713pt on input line 51.
LaTeX Font Info:    Font shape `C70/mc/m/n' will be
(Font)              scaled to size 9.24713pt on input line 51.
LaTeX Font Info:    Font shape `C70/mc/m/n' will be
(Font)              scaled to size 9.24713pt on input line 51.
LaTeX Font Info:    Font shape `C70/mc/m/n' will be
(Font)              scaled to size 9.24713pt on input line 51.
LaTeX Font Info:    Font shape `C70/mc/m/n' will be
(Font)              scaled to size 9.24713pt on input line 51.
LaTeX Font Info:    Font shape `C70/mc/m/n' will be
(Font)              scaled to size 9.24713pt on input line 51.
LaTeX Font Info:    Font shape `C70/mc/m/n' will be
(Font)              scaled to size 9.24713pt on input line 51.
LaTeX Font Info:    Font shape `C70/mc/m/n' will be
(Font)              scaled to size 9.24713pt on input line 51.
LaTeX Font Info:    Font shape `C70/mc/m/n' will be
(Font)              scaled to size 9.24713pt on input line 51.
LaTeX Font Info:    Font shape `C70/mc/m/n' will be
(Font)              scaled to size 9.24713pt on input line 57.
LaTeX Font Info:    Font shape `C70/mc/m/n' will be
(Font)              scaled to size 9.24713pt on input line 57.
LaTeX Font Info:    Font shape `C70/mc/m/n' will be
(Font)              scaled to size 9.24713pt on input line 57.
LaTeX Font Info:    Font shape `C70/gt/m/n' will be
(Font)              scaled to size 9.24713pt on input line 61.
LaTeX Font Info:    Font shape `C70/gt/m/n' will be
(Font)              scaled to size 9.24713pt on input line 61.
LaTeX Font Info:    Font shape `C70/mc/m/n' will be
(Font)              scaled to size 9.24713pt on input line 61.
LaTeX Font Info:    Font shape `C70/mc/m/n' will be
(Font)              scaled to size 9.24713pt on input line 61.
LaTeX Font Info:    Font shape `C70/mc/m/n' will be
(Font)              scaled to size 9.24713pt on input line 65.
LaTeX Font Info:    Font shape `C70/mc/m/n' will be
(Font)              scaled to size 9.24713pt on input line 65.
LaTeX Font Info:    Font shape `C70/mc/m/n' will be
(Font)              scaled to size 9.24713pt on input line 67.
LaTeX Font Info:    Font shape `C70/mc/m/n' will be
(Font)              scaled to size 9.24713pt on input line 67.
LaTeX Font Info:    Font shape `C70/mc/m/n' will be
(Font)              scaled to size 9.24713pt on input line 73.


LaTeX Warning: Reference `consider' on page 1 undefined on input line 73.

LaTeX Font Info:    Font shape `C70/gt/m/n' will be
(Font)              scaled to size 9.24713pt on input line 76.
LaTeX Font Info:    Font shape `C70/gt/m/n' will be
(Font)              scaled to size 9.24713pt on input line 76.
LaTeX Font Info:    Font shape `C70/mc/m/n' will be
(Font)              scaled to size 9.24713pt on input line 76.

LaTeX Warning: Reference `consider1' on page 1 undefined on input line 76.


LaTeX Warning: Reference `consider2' on page 1 undefined on input line 77.

[1

{/var/lib/texmf/fonts/map/pdftex/updmap/pdftex.map}]
LaTeX Font Info:    Font shape `C70/gt/m/n' will be
(Font)              scaled to size 13.31586pt on input line 83.
Package CJKpunct Info: punctuation spaces for family 'gt' do not exist. Use family 'def' instead. on input line 83.
LaTeX Font Info:    Font shape `C70/gt/m/n' will be
(Font)              scaled to size 13.31586pt on input line 83.
LaTeX Font Info:    Font shape `C70/gt/m/n' will be
(Font)              scaled to size 13.31586pt on input line 83.
LaTeX Font Info:    Font shape `C70/gt/m/n' will be
(Font)              scaled to size 13.31586pt on input line 83.
LaTeX Font Info:    Font shape `C70/gt/m/n' will be
(Font)              scaled to size 13.31586pt on input line 83.
LaTeX Font Info:    Font shape `C70/gt/m/n' will be
(Font)              scaled to size 11.09656pt on input line 90.
LaTeX Font Info:    Font shape `C70/gt/m/n' will be
(Font)              scaled to size 11.09656pt on input line 90.
LaTeX Font Info:    Font shape `C70/gt/m/n' will be
(Font)              scaled to size 11.09656pt on input line 90.
LaTeX Font Info:    Font shape `C70/gt/m/n' will be
(Font)              scaled to size 11.09656pt on input line 90.
LaTeX Font Info:    Font shape `C70/mc/m/n' will be
(Font)              scaled to size 9.24713pt on input line 98.
LaTeX Font Info:    Font shape `C70/mc/m/n' will be
(Font)              scaled to size 9.24713pt on input line 99.
LaTeX Font Info:    Font shape `C70/mc/m/n' will be
(Font)              scaled to size 9.24713pt on input line 102.
LaTeX Font Info:    Font shape `C70/gt/m/n' will be
(Font)              scaled to size 11.09656pt on input line 111.


LaTeX Warning: Reference `lst:csvdata' on page 2 undefined on input line 115.

[2

]
LaTeX Font Info:    Font shape `C70/mc/m/n' will be
(Font)              scaled to size 8.32242pt on input line 126.
LaTeX Font Info:    Font shape `C70/mc/m/n' will be
(Font)              scaled to size 8.32242pt on input line 126.
LaTeX Font Info:    Font shape `C70/mc/m/n' will be
(Font)              scaled to size 8.32242pt on input line 126.
LaTeX Font Info:    External font `cmex10' loaded for size
(Font)              <7> on input line 128.
LaTeX Font Info:    External font `cmex10' loaded for size
(Font)              <5> on input line 128.
LaTeX Font Info:    Font shape `C70/mc/m/n' will be
(Font)              scaled to size 9.24713pt on input line 130.
LaTeX Font Info:    Font shape `C70/mc/m/n' will be
(Font)              scaled to size 9.24713pt on input line 137.
LaTeX Font Info:    Font shape `C70/mc/m/n' will be
(Font)              scaled to size 9.24713pt on input line 147.
LaTeX Font Info:    Font shape `C70/gt/m/n' will be
(Font)              scaled to size 11.09656pt on input line 152.
LaTeX Font Info:    Font shape `C70/gt/m/n' will be
(Font)              scaled to size 11.09656pt on input line 152.
LaTeX Font Info:    Font shape `C70/gt/m/n' will be
(Font)              scaled to size 11.09656pt on input line 152.
LaTeX Font Info:    Font shape `C70/gt/m/n' will be
(Font)              scaled to size 11.09656pt on input line 152.
LaTeX Font Info:    Font shape `C70/gt/m/n' will be
(Font)              scaled to size 11.09656pt on input line 154.
LaTeX Font Info:    Font shape `C70/gt/m/n' will be
(Font)              scaled to size 11.09656pt on input line 154.
LaTeX Font Info:    Font shape `C70/gt/m/n' will be
(Font)              scaled to size 11.09656pt on input line 154.
LaTeX Font Info:    Font shape `C70/gt/m/n' will be
(Font)              scaled to size 11.09656pt on input line 154.
LaTeX Font Info:    Font shape `C70/gt/m/n' will be
(Font)              scaled to size 11.09656pt on input line 154.
LaTeX Font Info:    Font shape `C70/gt/m/n' will be
(Font)              scaled to size 11.09656pt on input line 154.
LaTeX Font Info:    Font shape `C70/gt/m/n' will be
(Font)              scaled to size 11.09656pt on input line 154.
LaTeX Font Info:    Font shape `C70/gt/m/n' will be
(Font)              scaled to size 11.09656pt on input line 154.
LaTeX Font Info:    Font shape `C70/gt/m/n' will be
(Font)              scaled to size 9.24713pt on input line 155.
LaTeX Font Info:    Font shape `C70/mc/m/n' will be
(Font)              scaled to size 9.24713pt on input line 160.
LaTeX Font Info:    Font shape `C70/mc/m/n' will be
(Font)              scaled to size 9.24713pt on input line 169.
LaTeX Font Info:    Font shape `C70/mc/m/n' will be
(Font)              scaled to size 9.24713pt on input line 172.
 [3

]
LaTeX Font Info:    Font shape `C70/mc/m/n' will be
(Font)              scaled to size 9.24713pt on input line 203.
 [4

]
LaTeX Font Info:    Font shape `C70/gt/m/n' will be
(Font)              scaled to size 13.31586pt on input line 212.
LaTeX Font Info:    Font shape `C70/gt/m/n' will be
(Font)              scaled to size 13.31586pt on input line 212.
LaTeX Font Info:    Font shape `C70/gt/m/n' will be
(Font)              scaled to size 13.31586pt on input line 212.
LaTeX Font Info:    Font shape `C70/gt/m/n' will be
(Font)              scaled to size 11.09656pt on input line 213.
LaTeX Font Info:    Font shape `C70/gt/m/n' will be
(Font)              scaled to size 9.24713pt on input line 215.
LaTeX Font Info:    Font shape `C70/gt/m/n' will be
(Font)              scaled to size 9.24713pt on input line 232.
LaTeX Font Info:    Font shape `C70/gt/m/n' will be
(Font)              scaled to size 9.24713pt on input line 232.
LaTeX Font Info:    Font shape `C70/gt/m/n' will be
(Font)              scaled to size 9.24713pt on input line 232.
 [5

]
LaTeX Font Info:    Font shape `C70/gt/m/n' will be
(Font)              scaled to size 9.24713pt on input line 312.
LaTeX Font Info:    Font shape `C70/gt/m/n' will be
(Font)              scaled to size 9.24713pt on input line 312.
LaTeX Font Info:    Font shape `C70/gt/m/n' will be
(Font)              scaled to size 9.24713pt on input line 312.
LaTeX Font Info:    Font shape `C70/gt/m/n' will be
(Font)              scaled to size 9.24713pt on input line 312.
LaTeX Font Info:    Font shape `C70/gt/m/n' will be
(Font)              scaled to size 9.24713pt on input line 312.
LaTeX Font Info:    Font shape `C70/gt/m/n' will be
(Font)              scaled to size 9.24713pt on input line 312.
 [6]
LaTeX Font Info:    Font shape `C70/gt/m/n' will be
(Font)              scaled to size 9.24713pt on input line 315.
LaTeX Font Info:    Font shape `C70/mc/m/n' will be
(Font)              scaled to size 9.24713pt on input line 316.
LaTeX Font Info:    Font shape `C70/mc/m/n' will be
(Font)              scaled to size 9.24713pt on input line 324.
 [7]
LaTeX Font Info:    Font shape `C70/mc/m/n' will be
(Font)              scaled to size 9.24713pt on input line 350.
 [8

] [9] [10]
Overfull \hbox (40.99796pt too wide) in paragraph at lines 503--503
[]      \OT1/cmtt/m/n/10 5100046,The Bridge,1845-11-2,14 Seafield Road Longman Inverness,SEN Unit 2.0 Open[] 
 []


Overfull \hbox (30.49805pt too wide) in paragraph at lines 503--503
[]      \OT1/cmtt/m/n/10 5100127,Bower Primary School,1908-1-19,Bowermadden Bower Caithness,01955 641225[] 
 []


Overfull \hbox (25.2481pt too wide) in paragraph at lines 503--503
[]      \OT1/cmtt/m/n/10 5100224,Canisbay Primary School,1928-7-5,Canisbay Wick,01955 611337 Primary 56[] 
 []

[11]
Overfull \hbox (46.24791pt too wide) in paragraph at lines 533--533
[]      \OT1/cmtt/m/n/10 5100046,The Bridge,1845-11-02,14 Seafield Road Longman Inverness,SEN Unit 2.0 Open[] 
 []


Overfull \hbox (46.24791pt too wide) in paragraph at lines 543--543
[]      \OT1/cmtt/m/n/10 5100046,The Bridge,1845-11-02,14 Seafield Road Longman Inverness,SEN Unit 2.0 Open[] 
 []


Overfull \hbox (35.748pt too wide) in paragraph at lines 543--543
[]      \OT1/cmtt/m/n/10 5100127,Bower Primary School,1908-01-19,Bowermadden Bower Caithness,01955 641225[] 
 []

[12]
LaTeX Font Info:    Font shape `C70/mc/m/n' will be
(Font)              scaled to size 9.24713pt on input line 549.
LaTeX Font Info:    Font shape `C70/mc/m/n' will be
(Font)              scaled to size 9.24713pt on input line 553.
LaTeX Font Info:    Font shape `C70/mc/m/n' will be
(Font)              scaled to size 9.24713pt on input line 560.
 [13] [14] [15] [16] [17] [18]
LaTeX Font Info:    Font shape `C70/gt/m/n' will be
(Font)              scaled to size 9.24713pt on input line 838.
 [19]
LaTeX Font Info:    Font shape `C70/gt/m/n' will be
(Font)              scaled to size 11.09656pt on input line 849.
LaTeX Font Info:    Font shape `C70/gt/m/n' will be
(Font)              scaled to size 11.09656pt on input line 849.
 [20] [21] [22]
LaTeX Font Info:    Font shape `C70/gt/m/n' will be
(Font)              scaled to size 13.31586pt on input line 974.
LaTeX Font Info:    Font shape `C70/gt/m/n' will be
(Font)              scaled to size 11.09656pt on input line 975.
LaTeX Font Info:    Font shape `C70/gt/m/n' will be
(Font)              scaled to size 11.09656pt on input line 975.
LaTeX Font Info:    Font shape `C70/gt/m/n' will be
(Font)              scaled to size 11.09656pt on input line 975.
LaTeX Font Info:    Font shape `C70/gt/m/n' will be
(Font)              scaled to size 11.09656pt on input line 975.
LaTeX Font Info:    Font shape `C70/gt/m/n' will be
(Font)              scaled to size 11.09656pt on input line 975.
LaTeX Font Info:    Font shape `C70/gt/m/n' will be
(Font)              scaled to size 13.31586pt on input line 1005.
LaTeX Font Info:    Font shape `C70/gt/m/n' will be
(Font)              scaled to size 13.31586pt on input line 1005.
LaTeX Font Info:    Font shape `C70/gt/m/n' will be
(Font)              scaled to size 13.31586pt on input line 1005.
LaTeX Font Info:    Font shape `C70/gt/m/n' will be
(Font)              scaled to size 13.31586pt on input line 1005.
LaTeX Font Info:    Font shape `C70/gt/m/n' will be
(Font)              scaled to size 13.31586pt on input line 1005.
LaTeX Font Info:    Font shape `C70/gt/m/n' will be
(Font)              scaled to size 13.31586pt on input line 1005.
LaTeX Font Info:    Font shape `C70/gt/m/n' will be
(Font)              scaled to size 13.31586pt on input line 1005.
LaTeX Font Info:    Font shape `C70/gt/m/n' will be
(Font)              scaled to size 13.31586pt on input line 1005.
LaTeX Font Info:    Font shape `C70/gt/m/n' will be
(Font)              scaled to size 13.31586pt on input line 1005.
LaTeX Font Info:    Font shape `C70/gt/m/n' will be
(Font)              scaled to size 13.31586pt on input line 1005.
 [23]
LaTeX Font Info:    Font shape `C70/gt/m/n' will be
(Font)              scaled to size 9.24713pt on input line 1066.
LaTeX Font Info:    Font shape `C70/gt/m/n' will be
(Font)              scaled to size 9.24713pt on input line 1066.
LaTeX Font Info:    Font shape `C70/gt/m/n' will be
(Font)              scaled to size 9.24713pt on input line 1066.
LaTeX Font Info:    Font shape `C70/gt/m/n' will be
(Font)              scaled to size 9.24713pt on input line 1066.
 [24]
LaTeX Font Info:    Font shape `C70/gt/m/n' will be
(Font)              scaled to size 9.24713pt on input line 1066.
LaTeX Font Info:    Font shape `C70/gt/m/n' will be
(Font)              scaled to size 9.24713pt on input line 1084.
LaTeX Font Info:    Font shape `C70/gt/m/n' will be
(Font)              scaled to size 9.24713pt on input line 1084.
LaTeX Font Info:    Font shape `C70/gt/m/n' will be
(Font)              scaled to size 9.24713pt on input line 1084.
LaTeX Font Info:    Font shape `C70/mc/m/n' will be
(Font)              scaled to size 9.24713pt on input line 1089.
LaTeX Font Info:    Font shape `C70/mc/m/n' will be
(Font)              scaled to size 8.32242pt on input line 1102.
LaTeX Font Info:    Font shape `C70/mc/m/n' will be
(Font)              scaled to size 8.32242pt on input line 1102.
LaTeX Font Info:    Font shape `C70/mc/m/n' will be
(Font)              scaled to size 8.32242pt on input line 1102.
LaTeX Font Info:    Font shape `C70/mc/m/n' will be
(Font)              scaled to size 8.32242pt on input line 1102.
LaTeX Font Info:    Font shape `C70/mc/m/n' will be
(Font)              scaled to size 8.32242pt on input line 1102.
LaTeX Font Info:    Font shape `C70/mc/m/n' will be
(Font)              scaled to size 8.32242pt on input line 1102.
LaTeX Font Info:    Font shape `C70/mc/m/n' will be
(Font)              scaled to size 8.32242pt on input line 1102.
LaTeX Font Info:    Font shape `C70/mc/m/n' will be
(Font)              scaled to size 8.32242pt on input line 1102.
LaTeX Font Info:    Font shape `C70/mc/m/n' will be
(Font)              scaled to size 8.32242pt on input line 1102.
LaTeX Font Info:    Font shape `C70/mc/m/n' will be
(Font)              scaled to size 9.24713pt on input line 1115.
 [25] [26] [27] [28] [29]
LaTeX Font Info:    Font shape `C70/gt/m/n' will be
(Font)              scaled to size 8.32242pt on input line 1402.
LaTeX Font Info:    Font shape `C70/gt/m/n' will be
(Font)              scaled to size 8.32242pt on input line 1402.
LaTeX Font Info:    Font shape `C70/gt/m/n' will be
(Font)              scaled to size 8.32242pt on input line 1402.
LaTeX Font Info:    Font shape `C70/gt/m/n' will be
(Font)              scaled to size 8.32242pt on input line 1413.
LaTeX Font Info:    Font shape `C70/gt/m/n' will be
(Font)              scaled to size 8.32242pt on input line 1413.
LaTeX Font Info:    Font shape `C70/gt/m/n' will be
(Font)              scaled to size 8.32242pt on input line 1413.
LaTeX Font Info:    Font shape `C70/gt/m/n' will be
(Font)              scaled to size 8.32242pt on input line 1413.
LaTeX Font Info:    Font shape `C70/gt/m/n' will be
(Font)              scaled to size 8.32242pt on input line 1426.
LaTeX Font Info:    Font shape `C70/gt/m/n' will be
(Font)              scaled to size 8.32242pt on input line 1426.
LaTeX Font Info:    Font shape `C70/gt/m/n' will be
(Font)              scaled to size 8.32242pt on input line 1426.
 [30] [31]
LaTeX Font Info:    Font shape `C70/gt/m/n' will be
(Font)              scaled to size 8.32242pt on input line 1539.
LaTeX Font Info:    Font shape `C70/gt/m/n' will be
(Font)              scaled to size 8.32242pt on input line 1539.
 [32] (./eop2_report_09B23549.aux)

LaTeX Warning: There were undefined references.

 ) 
Here is how much of TeX's memory you used:
 7374 strings out of 479727
 113059 string characters out of 5884998
 411926 words of memory out of 5000000
 25084 multiletter control sequences out of 15000+600000
 524602 words of font info for 237 fonts, out of 8000000 for 9000
 269 hyphenation exceptions out of 8191
 75i,9n,79p,310b,377s stack positions out of 5000i,500n,10000p,200000b,80000s
{/usr/share/texlive/texmf-dist/fonts/enc/dvips/ipaex-type1/ipxt1-u9a.enc}{/usr/share/texlive/texmf-dist/fonts/enc/dvips/ipaex-type1/ipxt1-u8f.enc}{/usr/share/texlive/texmf-dist/fonts/enc/dvips/ipaex-type1/ipxt1-u6b.enc}{/usr/share/texlive/texmf-dist/fonts/enc/dvips/ipaex-type1/ipxt1-u5f.enc}{/usr/share/texlive/texmf-dist/fonts/enc/dvips/ipaex-type1/ipxt1-uff.enc}{/usr/share/texlive/texmf-dist/fonts/enc/dvips/ipaex-type1/ipxt1-u76.enc}{/usr/share/texlive/texmf-dist/fonts/enc/dvips/ipaex-type1/ipxt1-u5c.enc}{/usr/share/texlive/texmf-dist/fonts/enc/dvips/ipaex-type1/ipxt1-u6c.enc}{/usr/share/texlive/texmf-dist/fonts/enc/dvips/ipaex-type1/ipxt1-u7d.enc}{/usr/share/texlive/texmf-dist/fonts/enc/dvips/ipaex-type1/ipxt1-u63.enc}{/usr/share/texlive/texmf-dist/fonts/enc/dvips/ipaex-type1/ipxt1-u72.enc}{/usr/share/texlive/texmf-dist/fonts/enc/dvips/ipaex-type1/ipxt1-u95.enc}{/usr/share/texlive/texmf-dist/fonts/enc/dvips/ipaex-type1/ipxt1-u55.enc}{/usr/share/texlive/texmf-dist/fonts/enc/dvips/ipaex-type1/ipxt1-u82.enc}{/usr/share/texlive/texmf-dist/fonts/enc/dvips/ipaex-type1/ipxt1-u73.enc}{/usr/share/texlive/texmf-dist/fonts/enc/dvips/ipaex-type1/ipxt1-u97.enc}{/usr/share/texlive/texmf-dist/fonts/enc/dvips/ipaex-type1/ipxt1-u8d.enc}{/usr/share/texlive/texmf-dist/fonts/enc/dvips/ipaex-type1/ipxt1-u75.enc}{/usr/share/texlive/texmf-dist/fonts/enc/dvips/ipaex-type1/ipxt1-u81.enc}{/usr/share/texlive/texmf-dist/fonts/enc/dvips/ipaex-type1/ipxt1-u78.enc}{/usr/share/texlive/texmf-dist/fonts/enc/dvips/ipaex-type1/ipxt1-u52.enc}{/usr/share/texlive/texmf-dist/fonts/enc/dvips/ipaex-type1/ipxt1-u66.enc}{/usr/share/texlive/texmf-dist/fonts/enc/dvips/ipaex-type1/ipxt1-u7e.enc}{/usr/share/texlive/texmf-dist/fonts/enc/dvips/ipaex-type1/ipxt1-u56.enc}{/usr/share/texlive/texmf-dist/fonts/enc/dvips/ipaex-type1/ipxt1-u68.enc} </home/sora/.texlive2021/texmf-var/fonts/pk/ljfour/jknappen/ec/tcrm1000.600pk>{/usr/share/texlive/texmf-dist/fonts/enc/dvips/ipaex-type1/ipxt1-u88.enc}{/usr/share/texlive/texmf-dist/fonts/enc/dvips/ipaex-type1/ipxt1-u74.enc}{/usr/share/texlive/texmf-dist/fonts/enc/dvips/ipaex-type1/ipxt1-u7b.enc}{/usr/share/texlive/texmf-dist/fonts/enc/dvips/ipaex-type1/ipxt1-u7c.enc}{/usr/share/texlive/texmf-dist/fonts/enc/dvips/ipaex-type1/ipxt1-u54.enc}{/usr/share/texlive/texmf-dist/fonts/enc/dvips/ipaex-type1/ipxt1-u50.enc}{/usr/share/texlive/texmf-dist/fonts/enc/dvips/ipaex-type1/ipxt1-u51.enc}{/usr/share/texlive/texmf-dist/fonts/enc/dvips/ipaex-type1/ipxt1-u96.enc}{/usr/share/texlive/texmf-dist/fonts/enc/dvips/ipaex-type1/ipxt1-u8c.enc}{/usr/share/texlive/texmf-dist/fonts/enc/dvips/ipaex-type1/ipxt1-u61.enc}{/usr/share/texlive/texmf-dist/fonts/enc/dvips/ipaex-type1/ipxt1-u64.enc}{/usr/share/texlive/texmf-dist/fonts/enc/dvips/ipaex-type1/ipxt1-u93.enc}{/usr/share/texlive/texmf-dist/fonts/enc/dvips/ipaex-type1/ipxt1-u4e.enc}{/usr/share/texlive/texmf-dist/fonts/enc/dvips/ipaex-type1/ipxt1-u67.enc}{/usr/share/texlive/texmf-dist/fonts/enc/dvips/ipaex-type1/ipxt1-u57.enc}{/usr/share/texlive/texmf-dist/fonts/enc/dvips/ipaex-type1/ipxt1-u91.enc}{/usr/share/texlive/texmf-dist/fonts/enc/dvips/ipaex-type1/ipxt1-u65.enc}{/usr/share/texlive/texmf-dist/fonts/enc/dvips/ipaex-type1/ipxt1-u62.enc}{/usr/share/texlive/texmf-dist/fonts/enc/dvips/ipaex-type1/ipxt1-u4f.enc}{/usr/share/texlive/texmf-dist/fonts/enc/dvips/ipaex-type1/ipxt1-u30.enc}{/usr/share/texlive/texmf-dist/fonts/enc/dvips/ipaex-type1/ipxt1-u5b.enc}{/usr/share/texlive/texmf-dist/fonts/enc/dvips/ipaex-type1/ipxt1-u80.enc}{/usr/share/texlive/texmf-dist/fonts/enc/dvips/ipaex-type1/ipxt1-u70.enc}{/usr/share/texlive/texmf-dist/fonts/enc/dvips/ipaex-type1/ipxt1-u8e.enc}{/usr/share/texlive/texmf-dist/fonts/enc/dvips/ipaex-type1/ipxt1-u89.enc}{/usr/share/texlive/texmf-dist/fonts/enc/dvips/ipaex-type1/ipxt1-u98.enc}{/usr/share/texlive/texmf-dist/fonts/enc/dvips/ipaex-type1/ipxt1-u8a.enc}{/usr/share/texlive/texmf-dist/fonts/enc/dvips/ipaex-type1/ipxt1-u7f.enc}{/usr/share/texlive/texmf-dist/fonts/enc/dvips/ipaex-type1/ipxt1-u6f.enc}{/usr/share/texlive/texmf-dist/fonts/enc/dvips/ipaex-type1/ipxt1-u71.enc}{/usr/share/texlive/texmf-dist/fonts/enc/dvips/ipaex-type1/ipxt1-u79.enc}{/usr/share/texlive/texmf-dist/fonts/enc/dvips/ipaex-type1/ipxt1-u58.enc}{/usr/share/texlive/texmf-dist/fonts/enc/dvips/ipaex-type1/ipxt1-u60.enc}{/usr/share/texlive/texmf-dist/fonts/enc/dvips/ipaex-type1/ipxt1-u6e.enc}{/usr/share/texlive/texmf-dist/fonts/enc/dvips/ipaex-type1/ipxt1-u6a.enc}{/usr/share/texlive/texmf-dist/fonts/enc/dvips/ipaex-type1/ipxt1-u59.enc}{/usr/share/texlive/texmf-dist/fonts/enc/dvips/ipaex-type1/ipxt1-u90.enc}{/usr/share/texlive/texmf-dist/fonts/enc/dvips/ipaex-type1/ipxt1-u69.enc}{/usr/share/texlive/texmf-dist/fonts/enc/dvips/ipaex-type1/ipxt1-u5e.enc}{/usr/share/texlive/texmf-dist/fonts/enc/dvips/ipaex-type1/ipxt1-u53.enc}{/usr/share/texlive/texmf-dist/fonts/enc/dvips/ipaex-type1/ipxt1-u7a.enc}{/usr/share/texlive/texmf-dist/fonts/enc/dvips/ipaex-type1/ipxt1-u5d.enc}{/usr/share/texlive/texmf-dist/fonts/enc/dvips/ipaex-type1/ipxt1-u6d.enc}</usr/share/texlive/texmf-dist/fonts/type1/public/amsfonts/cm/cmmi10.pfb></usr/share/texlive/texmf-dist/fonts/type1/public/amsfonts/cm/cmr10.pfb></usr/share/texlive/texmf-dist/fonts/type1/public/amsfonts/cm/cmr12.pfb></usr/share/texlive/texmf-dist/fonts/type1/public/amsfonts/cm/cmr17.pfb></usr/share/texlive/texmf-dist/fonts/type1/public/amsfonts/cm/cmr7.pfb></usr/share/texlive/texmf-dist/fonts/type1/public/amsfonts/cm/cmr9.pfb></usr/share/texlive/texmf-dist/fonts/type1/public/amsfonts/cm/cmss10.pfb></usr/share/texlive/texmf-dist/fonts/type1/public/amsfonts/cm/cmss12.pfb></usr/share/texlive/texmf-dist/fonts/type1/public/amsfonts/cm/cmsy10.pfb></usr/share/texlive/texmf-dist/fonts/type1/public/amsfonts/cm/cmtt10.pfb></usr/share/texlive/texmf-dist/fonts/type1/public/amsfonts/cm/cmtt12.pfb></usr/share/texlive/texmf-dist/fonts/type1/public/amsfonts/cm/cmtt8.pfb></usr/share/texlive/texmf-dist/fonts/type1/public/amsfonts/cm/cmtt9.pfb></usr/share/texlive/texmf-dist/fonts/type1/public/ipaex-type1/ipxg-r-u30.pfb></usr/share/texlive/texmf-dist/fonts/type1/public/ipaex-type1/ipxg-r-u4e.pfb></usr/share/texlive/texmf-dist/fonts/type1/public/ipaex-type1/ipxg-r-u4f.pfb></usr/share/texlive/texmf-dist/fonts/type1/public/ipaex-type1/ipxg-r-u50.pfb></usr/share/texlive/texmf-dist/fonts/type1/public/ipaex-type1/ipxg-r-u51.pfb></usr/share/texlive/texmf-dist/fonts/type1/public/ipaex-type1/ipxg-r-u52.pfb></usr/share/texlive/texmf-dist/fonts/type1/public/ipaex-type1/ipxg-r-u54.pfb></usr/share/texlive/texmf-dist/fonts/type1/public/ipaex-type1/ipxg-r-u57.pfb></usr/share/texlive/texmf-dist/fonts/type1/public/ipaex-type1/ipxg-r-u5b.pfb></usr/share/texlive/texmf-dist/fonts/type1/public/ipaex-type1/ipxg-r-u5c.pfb></usr/share/texlive/texmf-dist/fonts/type1/public/ipaex-type1/ipxg-r-u5f.pfb></usr/share/texlive/texmf-dist/fonts/type1/public/ipaex-type1/ipxg-r-u62.pfb></usr/share/texlive/texmf-dist/fonts/type1/public/ipaex-type1/ipxg-r-u63.pfb></usr/share/texlive/texmf-dist/fonts/type1/public/ipaex-type1/ipxg-r-u65.pfb></usr/share/texlive/texmf-dist/fonts/type1/public/ipaex-type1/ipxg-r-u66.pfb></usr/share/texlive/texmf-dist/fonts/type1/public/ipaex-type1/ipxg-r-u67.pfb></usr/share/texlive/texmf-dist/fonts/type1/public/ipaex-type1/ipxg-r-u69.pfb></usr/share/texlive/texmf-dist/fonts/type1/public/ipaex-type1/ipxg-r-u6b.pfb></usr/share/texlive/texmf-dist/fonts/type1/public/ipaex-type1/ipxg-r-u6c.pfb></usr/share/texlive/texmf-dist/fonts/type1/public/ipaex-type1/ipxg-r-u72.pfb></usr/share/texlive/texmf-dist/fonts/type1/public/ipaex-type1/ipxg-r-u74.pfb></usr/share/texlive/texmf-dist/fonts/type1/public/ipaex-type1/ipxg-r-u75.pfb></usr/share/texlive/texmf-dist/fonts/type1/public/ipaex-type1/ipxg-r-u76.pfb></usr/share/texlive/texmf-dist/fonts/type1/public/ipaex-type1/ipxg-r-u78.pfb></usr/share/texlive/texmf-dist/fonts/type1/public/ipaex-type1/ipxg-r-u7b.pfb></usr/share/texlive/texmf-dist/fonts/type1/public/ipaex-type1/ipxg-r-u7c.pfb></usr/share/texlive/texmf-dist/fonts/type1/public/ipaex-type1/ipxg-r-u7d.pfb></usr/share/texlive/texmf-dist/fonts/type1/public/ipaex-type1/ipxg-r-u80.pfb></usr/share/texlive/texmf-dist/fonts/type1/public/ipaex-type1/ipxg-r-u81.pfb></usr/share/texlive/texmf-dist/fonts/type1/public/ipaex-type1/ipxg-r-u88.pfb></usr/share/texlive/texmf-dist/fonts/type1/public/ipaex-type1/ipxg-r-u89.pfb></usr/share/texlive/texmf-dist/fonts/type1/public/ipaex-type1/ipxg-r-u8a.pfb></usr/share/texlive/texmf-dist/fonts/type1/public/ipaex-type1/ipxg-r-u8f.pfb></usr/share/texlive/texmf-dist/fonts/type1/public/ipaex-type1/ipxg-r-u91.pfb></usr/share/texlive/texmf-dist/fonts/type1/public/ipaex-type1/ipxg-r-u95.pfb></usr/share/texlive/texmf-dist/fonts/type1/public/ipaex-type1/ipxg-r-u98.pfb></usr/share/texlive/texmf-dist/fonts/type1/public/ipaex-type1/ipxg-r-uff.pfb></usr/share/texlive/texmf-dist/fonts/type1/public/ipaex-type1/ipxm-r-u30.pfb></usr/share/texlive/texmf-dist/fonts/type1/public/ipaex-type1/ipxm-r-u4e.pfb></usr/share/texlive/texmf-dist/fonts/type1/public/ipaex-type1/ipxm-r-u4f.pfb></usr/share/texlive/texmf-dist/fonts/type1/public/ipaex-type1/ipxm-r-u50.pfb></usr/share/texlive/texmf-dist/fonts/type1/public/ipaex-type1/ipxm-r-u51.pfb></usr/share/texlive/texmf-dist/fonts/type1/public/ipaex-type1/ipxm-r-u52.pfb></usr/share/texlive/texmf-dist/fonts/type1/public/ipaex-type1/ipxm-r-u53.pfb></usr/share/texlive/texmf-dist/fonts/type1/public/ipaex-type1/ipxm-r-u54.pfb></usr/share/texlive/texmf-dist/fonts/type1/public/ipaex-type1/ipxm-r-u55.pfb></usr/share/texlive/texmf-dist/fonts/type1/public/ipaex-type1/ipxm-r-u56.pfb></usr/share/texlive/texmf-dist/fonts/type1/public/ipaex-type1/ipxm-r-u57.pfb></usr/share/texlive/texmf-dist/fonts/type1/public/ipaex-type1/ipxm-r-u58.pfb></usr/share/texlive/texmf-dist/fonts/type1/public/ipaex-type1/ipxm-r-u59.pfb></usr/share/texlive/texmf-dist/fonts/type1/public/ipaex-type1/ipxm-r-u5b.pfb></usr/share/texlive/texmf-dist/fonts/type1/public/ipaex-type1/ipxm-r-u5c.pfb></usr/share
/texlive/texmf-dist/fonts/type1/public/ipaex-type1/ipxm-r-u5d.pfb></usr/share/texlive/texmf-dist/fonts/type1/public/ipaex-type1/ipxm-r-u5e.pfb></usr/share/texlive/texmf-dist/fonts/type1/public/ipaex-type1/ipxm-r-u5f.pfb></usr/share/texlive/texmf-dist/fonts/type1/public/ipaex-type1/ipxm-r-u60.pfb></usr/share/texlive/texmf-dist/fonts/type1/public/ipaex-type1/ipxm-r-u61.pfb></usr/share/texlive/texmf-dist/fonts/type1/public/ipaex-type1/ipxm-r-u62.pfb></usr/share/texlive/texmf-dist/fonts/type1/public/ipaex-type1/ipxm-r-u63.pfb></usr/share/texlive/texmf-dist/fonts/type1/public/ipaex-type1/ipxm-r-u64.pfb></usr/share/texlive/texmf-dist/fonts/type1/public/ipaex-type1/ipxm-r-u65.pfb></usr/share/texlive/texmf-dist/fonts/type1/public/ipaex-type1/ipxm-r-u66.pfb></usr/share/texlive/texmf-dist/fonts/type1/public/ipaex-type1/ipxm-r-u67.pfb></usr/share/texlive/texmf-dist/fonts/type1/public/ipaex-type1/ipxm-r-u68.pfb></usr/share/texlive/texmf-dist/fonts/type1/public/ipaex-type1/ipxm-r-u69.pfb></usr/share/texlive/texmf-dist/fonts/type1/public/ipaex-type1/ipxm-r-u6a.pfb></usr/share/texlive/texmf-dist/fonts/type1/public/ipaex-type1/ipxm-r-u6b.pfb></usr/share/texlive/texmf-dist/fonts/type1/public/ipaex-type1/ipxm-r-u6c.pfb></usr/share/texlive/texmf-dist/fonts/type1/public/ipaex-type1/ipxm-r-u6d.pfb></usr/share/texlive/texmf-dist/fonts/type1/public/ipaex-type1/ipxm-r-u6e.pfb></usr/share/texlive/texmf-dist/fonts/type1/public/ipaex-type1/ipxm-r-u6f.pfb></usr/share/texlive/texmf-dist/fonts/type1/public/ipaex-type1/ipxm-r-u70.pfb></usr/share/texlive/texmf-dist/fonts/type1/public/ipaex-type1/ipxm-r-u71.pfb></usr/share/texlive/texmf-dist/fonts/type1/public/ipaex-type1/ipxm-r-u72.pfb></usr/share/texlive/texmf-dist/fonts/type1/public/ipaex-type1/ipxm-r-u73.pfb></usr/share/texlive/texmf-dist/fonts/type1/public/ipaex-type1/ipxm-r-u74.pfb></usr/share/texlive/texmf-dist/fonts/type1/public/ipaex-type1/ipxm-r-u75.pfb></usr/share/texlive/texmf-dist/fonts/type1/public/ipaex-type1/ipxm-r-u76.pfb></usr/share/texlive/texmf-dist/fonts/type1/public/ipaex-type1/ipxm-r-u78.pfb></usr/share/texlive/texmf-dist/fonts/type1/public/ipaex-type1/ipxm-r-u79.pfb></usr/share/texlive/texmf-dist/fonts/type1/public/ipaex-type1/ipxm-r-u7a.pfb></usr/share/texlive/texmf-dist/fonts/type1/public/ipaex-type1/ipxm-r-u7b.pfb></usr/share/texlive/texmf-dist/fonts/type1/public/ipaex-type1/ipxm-r-u7c.pfb></usr/share/texlive/texmf-dist/fonts/type1/public/ipaex-type1/ipxm-r-u7d.pfb></usr/share/texlive/texmf-dist/fonts/type1/public/ipaex-type1/ipxm-r-u7e.pfb></usr/share/texlive/texmf-dist/fonts/type1/public/ipaex-type1/ipxm-r-u7f.pfb></usr/share/texlive/texmf-dist/fonts/type1/public/ipaex-type1/ipxm-r-u80.pfb></usr/share/texlive/texmf-dist/fonts/type1/public/ipaex-type1/ipxm-r-u81.pfb></usr/share/texlive/texmf-dist/fonts/type1/public/ipaex-type1/ipxm-r-u82.pfb></usr/share/texlive/texmf-dist/fonts/type1/public/ipaex-type1/ipxm-r-u88.pfb></usr/share/texlive/texmf-dist/fonts/type1/public/ipaex-type1/ipxm-r-u89.pfb></usr/share/texlive/texmf-dist/fonts/type1/public/ipaex-type1/ipxm-r-u8a.pfb></usr/share/texlive/texmf-dist/fonts/type1/public/ipaex-type1/ipxm-r-u8c.pfb></usr/share/texlive/texmf-dist/fonts/type1/public/ipaex-type1/ipxm-r-u8d.pfb></usr/share/texlive/texmf-dist/fonts/type1/public/ipaex-type1/ipxm-r-u8e.pfb></usr/share/texlive/texmf-dist/fonts/type1/public/ipaex-type1/ipxm-r-u8f.pfb></usr/share/texlive/texmf-dist/fonts/type1/public/ipaex-type1/ipxm-r-u90.pfb></usr/share/texlive/texmf-dist/fonts/type1/public/ipaex-type1/ipxm-r-u91.pfb></usr/share/texlive/texmf-dist/fonts/type1/public/ipaex-type1/ipxm-r-u93.pfb></usr/share/texlive/texmf-dist/fonts/type1/public/ipaex-type1/ipxm-r-u95.pfb></usr/share/texlive/texmf-dist/fonts/type1/public/ipaex-type1/ipxm-r-u96.pfb></usr/share/texlive/texmf-dist/fonts/type1/public/ipaex-type1/ipxm-r-u97.pfb></usr/share/texlive/texmf-dist/fonts/type1/public/ipaex-type1/ipxm-r-u98.pfb></usr/share/texlive/texmf-dist/fonts/type1/public/ipaex-type1/ipxm-r-u9a.pfb></usr/share/texlive/texmf-dist/fonts/type1/public/ipaex-type1/ipxm-r-uff.pfb>
Output written on eop2_report_09B23549.pdf (32 pages, 951120 bytes).
PDF statistics:
 842 PDF objects out of 1000 (max. 8388607)
 498 compressed objects within 5 object streams
 0 named destinations out of 1000 (max. 500000)
 273 words of extra memory for PDF output out of 10000 (max. 10000000)

